  DemoGame.cpp
c:\users\蝶殇\desktop\x\围住神经猫\1640622231-谭羡文-作业三\1640622231-谭羡文-作业三\weizucat\weizucat\demogame.cpp(110): warning C4244: “参数”: 从“time_t”转换到“unsigned int”，可能丢失数据
c:\users\蝶殇\desktop\x\围住神经猫\1640622231-谭羡文-作业三\1640622231-谭羡文-作业三\weizucat\weizucat\demogame.cpp(131): warning C4305: “参数”: 从“double”到“float”截断
c:\users\蝶殇\desktop\x\围住神经猫\1640622231-谭羡文-作业三\1640622231-谭羡文-作业三\weizucat\weizucat\demogame.cpp(140): warning C4244: “参数”: 从“int”转换到“FLOAT”，可能丢失数据
c:\users\蝶殇\desktop\x\围住神经猫\1640622231-谭羡文-作业三\1640622231-谭羡文-作业三\weizucat\weizucat\demogame.cpp(140): warning C4244: “参数”: 从“double”转换到“FLOAT”，可能丢失数据
c:\users\蝶殇\desktop\x\围住神经猫\1640622231-谭羡文-作业三\1640622231-谭羡文-作业三\weizucat\weizucat\demogame.cpp(141): warning C4244: “参数”: 从“int”转换到“FLOAT”，可能丢失数据
c:\users\蝶殇\desktop\x\围住神经猫\1640622231-谭羡文-作业三\1640622231-谭羡文-作业三\weizucat\weizucat\demogame.cpp(141): warning C4244: “参数”: 从“double”转换到“FLOAT”，可能丢失数据
c:\users\蝶殇\desktop\x\围住神经猫\1640622231-谭羡文-作业三\1640622231-谭羡文-作业三\weizucat\weizucat\demogame.cpp(144): warning C4244: “参数”: 从“int”转换到“FLOAT”，可能丢失数据
c:\users\蝶殇\desktop\x\围住神经猫\1640622231-谭羡文-作业三\1640622231-谭羡文-作业三\weizucat\weizucat\demogame.cpp(145): warning C4244: “参数”: 从“int”转换到“FLOAT”，可能丢失数据
c:\users\蝶殇\desktop\x\围住神经猫\1640622231-谭羡文-作业三\1640622231-谭羡文-作业三\weizucat\weizucat\demogame.cpp(346): warning C4244: “参数”: 从“int”转换到“FLOAT”，可能丢失数据
  AnimationSprite.cpp
  Game.cpp
c:\users\蝶殇\desktop\x\围住神经猫\1640622231-谭羡文-作业三\1640622231-谭羡文-作业三\weizucat\weizucat\framework\game.cpp(216): warning C4244: “初始化”: 从“double”转换到“int”，可能丢失数据
c:\users\蝶殇\desktop\x\围住神经猫\1640622231-谭羡文-作业三\1640622231-谭羡文-作业三\weizucat\weizucat\framework\game.cpp(242): warning C4018: “>=”: 有符号/无符号不匹配
c:\users\蝶殇\desktop\x\围住神经猫\1640622231-谭羡文-作业三\1640622231-谭羡文-作业三\weizucat\weizucat\framework\game.cpp(249): warning C4244: “参数”: 从“double”转换到“float”，可能丢失数据
  ResourcesPool.cpp
  Sprite.cpp
c:\users\蝶殇\desktop\x\围住神经猫\1640622231-谭羡文-作业三\1640622231-谭羡文-作业三\weizucat\weizucat\framework\sprite.cpp(32): warning C4244: “=”: 从“FLOAT”转换到“int”，可能丢失数据
c:\users\蝶殇\desktop\x\围住神经猫\1640622231-谭羡文-作业三\1640622231-谭羡文-作业三\weizucat\weizucat\framework\sprite.cpp(33): warning C4244: “=”: 从“FLOAT”转换到“int”，可能丢失数据
c:\users\蝶殇\desktop\x\围住神经猫\1640622231-谭羡文-作业三\1640622231-谭羡文-作业三\weizucat\weizucat\framework\sprite.cpp(38): warning C4244: “=”: 从“int”转换到“FLOAT”，可能丢失数据
c:\users\蝶殇\desktop\x\围住神经猫\1640622231-谭羡文-作业三\1640622231-谭羡文-作业三\weizucat\weizucat\framework\sprite.cpp(39): warning C4244: “=”: 从“int”转换到“FLOAT”，可能丢失数据
c:\users\蝶殇\desktop\x\围住神经猫\1640622231-谭羡文-作业三\1640622231-谭羡文-作业三\weizucat\weizucat\framework\sprite.cpp(41): warning C4244: “=”: 从“int”转换到“FLOAT”，可能丢失数据
c:\users\蝶殇\desktop\x\围住神经猫\1640622231-谭羡文-作业三\1640622231-谭羡文-作业三\weizucat\weizucat\framework\sprite.cpp(42): warning C4244: “=”: 从“int”转换到“FLOAT”，可能丢失数据
c:\users\蝶殇\desktop\x\围住神经猫\1640622231-谭羡文-作业三\1640622231-谭羡文-作业三\weizucat\weizucat\framework\sprite.cpp(166): warning C4838: 从“FLOAT”转换到“LONG”需要收缩转换
c:\users\蝶殇\desktop\x\围住神经猫\1640622231-谭羡文-作业三\1640622231-谭羡文-作业三\weizucat\weizucat\framework\sprite.cpp(166): warning C4244: “初始化”: 从“FLOAT”转换到“LONG”，可能丢失数据
c:\users\蝶殇\desktop\x\围住神经猫\1640622231-谭羡文-作业三\1640622231-谭羡文-作业三\weizucat\weizucat\framework\sprite.cpp(175): warning C4838: 从“FLOAT”转换到“LONG”需要收缩转换
c:\users\蝶殇\desktop\x\围住神经猫\1640622231-谭羡文-作业三\1640622231-谭羡文-作业三\weizucat\weizucat\framework\sprite.cpp(175): warning C4244: “初始化”: 从“FLOAT”转换到“LONG”，可能丢失数据
c:\users\蝶殇\desktop\x\围住神经猫\1640622231-谭羡文-作业三\1640622231-谭羡文-作业三\weizucat\weizucat\framework\sprite.cpp(176): warning C4838: 从“const FLOAT”转换到“LONG”需要收缩转换
c:\users\蝶殇\desktop\x\围住神经猫\1640622231-谭羡文-作业三\1640622231-谭羡文-作业三\weizucat\weizucat\framework\sprite.cpp(176): warning C4244: “初始化”: 从“const FLOAT”转换到“LONG”，可能丢失数据
  SpritesManager.cpp
c:\users\蝶殇\desktop\x\围住神经猫\1640622231-谭羡文-作业三\1640622231-谭羡文-作业三\weizucat\weizucat\framework\spritesmanager.cpp(44): warning C4244: “=”: 从“FLOAT”转换到“int”，可能丢失数据
c:\users\蝶殇\desktop\x\围住神经猫\1640622231-谭羡文-作业三\1640622231-谭羡文-作业三\weizucat\weizucat\framework\spritesmanager.cpp(45): warning C4244: “=”: 从“FLOAT”转换到“int”，可能丢失数据
c:\users\蝶殇\desktop\x\围住神经猫\1640622231-谭羡文-作业三\1640622231-谭羡文-作业三\weizucat\weizucat\framework\spritesmanager.cpp(87): warning C4244: “参数”: 从“float”转换到“int”，可能丢失数据
c:\users\蝶殇\desktop\x\围住神经猫\1640622231-谭羡文-作业三\1640622231-谭羡文-作业三\weizucat\weizucat\framework\spritesmanager.cpp(115): warning C4018: “<”: 有符号/无符号不匹配
  XAudio2SoundPlayer.cpp
  main.cpp
  正在生成代码...
  weizucat.vcxproj -> C:\Users\蝶殇\Desktop\x\围住神经猫\1640622231-谭羡文-作业三\1640622231-谭羡文-作业三\weizucat\Debug\weizucat.exe
